mode: set
github.com/robbridges/webapp_v2/controllers/cookie.go:13.49,22.2 2 1
github.com/robbridges/webapp_v2/controllers/cookie.go:24.59,27.2 2 1
github.com/robbridges/webapp_v2/controllers/cookie.go:29.63,32.16 3 1
github.com/robbridges/webapp_v2/controllers/cookie.go:32.16,35.3 2 1
github.com/robbridges/webapp_v2/controllers/cookie.go:36.2,36.21 1 1
github.com/robbridges/webapp_v2/controllers/cookie.go:39.55,43.2 3 1
github.com/robbridges/webapp_v2/controllers/static.go:8.51,9.54 1 1
github.com/robbridges/webapp_v2/controllers/static.go:9.54,11.3 1 1
github.com/robbridges/webapp_v2/controllers/static.go:14.41,38.54 2 1
github.com/robbridges/webapp_v2/controllers/static.go:38.54,40.3 1 1
github.com/robbridges/webapp_v2/controllers/template.go:13.91,15.2 1 1
github.com/robbridges/webapp_v2/controllers/users.go:19.60,27.2 3 1
github.com/robbridges/webapp_v2/controllers/users.go:29.63,36.2 3 1
github.com/robbridges/webapp_v2/controllers/users.go:38.70,48.16 6 1
github.com/robbridges/webapp_v2/controllers/users.go:48.16,51.3 2 1
github.com/robbridges/webapp_v2/controllers/users.go:53.2,54.16 2 1
github.com/robbridges/webapp_v2/controllers/users.go:54.16,59.3 4 0
github.com/robbridges/webapp_v2/controllers/users.go:61.2,63.55 2 1
github.com/robbridges/webapp_v2/controllers/users.go:67.68,70.16 3 1
github.com/robbridges/webapp_v2/controllers/users.go:70.16,75.3 4 1
github.com/robbridges/webapp_v2/controllers/users.go:76.2,77.16 2 0
github.com/robbridges/webapp_v2/controllers/users.go:77.16,82.3 4 0
github.com/robbridges/webapp_v2/controllers/users.go:83.2,89.45 3 0
github.com/robbridges/webapp_v2/controllers/users.go:92.63,97.16 5 1
github.com/robbridges/webapp_v2/controllers/users.go:97.16,102.3 4 1
github.com/robbridges/webapp_v2/controllers/users.go:103.2,104.16 2 1
github.com/robbridges/webapp_v2/controllers/users.go:104.16,110.3 4 0
github.com/robbridges/webapp_v2/controllers/users.go:111.2,112.55 2 1
github.com/robbridges/webapp_v2/controllers/users.go:115.71,118.16 3 1
github.com/robbridges/webapp_v2/controllers/users.go:118.16,122.3 3 0
github.com/robbridges/webapp_v2/controllers/users.go:124.2,125.16 2 1
github.com/robbridges/webapp_v2/controllers/users.go:125.16,129.3 3 1
github.com/robbridges/webapp_v2/controllers/users.go:130.2,131.50 2 1
github.com/robbridges/webapp_v2/rand/rand.go:9.35,13.16 3 1
github.com/robbridges/webapp_v2/rand/rand.go:13.16,15.3 1 1
github.com/robbridges/webapp_v2/rand/rand.go:18.2,18.15 1 1
github.com/robbridges/webapp_v2/rand/rand.go:18.15,20.3 1 0
github.com/robbridges/webapp_v2/rand/rand.go:22.2,22.15 1 1
github.com/robbridges/webapp_v2/rand/rand.go:27.36,29.16 2 1
github.com/robbridges/webapp_v2/rand/rand.go:29.16,31.3 1 0
github.com/robbridges/webapp_v2/rand/rand.go:32.2,32.50 1 1
github.com/robbridges/webapp_v2/rand/rand.go:36.37,38.48 2 1
github.com/robbridges/webapp_v2/rand/rand.go:38.48,40.3 1 0
github.com/robbridges/webapp_v2/rand/rand.go:42.2,42.18 1 1
github.com/robbridges/webapp_v2/models/logs.go:28.49,34.21 3 0
github.com/robbridges/webapp_v2/models/logs.go:34.21,36.3 1 0
github.com/robbridges/webapp_v2/models/logs.go:37.2,37.12 1 0
github.com/robbridges/webapp_v2/models/logs.go:40.47,43.2 2 1
github.com/robbridges/webapp_v2/models/logs.go:45.90,46.46 1 1
github.com/robbridges/webapp_v2/models/logs.go:46.46,47.72 1 1
github.com/robbridges/webapp_v2/models/logs.go:47.72,48.17 1 1
github.com/robbridges/webapp_v2/models/logs.go:48.17,49.37 1 1
github.com/robbridges/webapp_v2/models/logs.go:49.37,52.6 2 1
github.com/robbridges/webapp_v2/models/logs.go:54.4,55.41 2 1
github.com/robbridges/webapp_v2/models/postgress.go:20.52,25.16 2 0
github.com/robbridges/webapp_v2/models/postgress.go:25.16,27.3 1 0
github.com/robbridges/webapp_v2/models/postgress.go:28.2,28.16 1 0
github.com/robbridges/webapp_v2/models/postgress.go:31.46,40.2 1 1
github.com/robbridges/webapp_v2/models/postgress.go:42.49,51.2 1 1
github.com/robbridges/webapp_v2/models/postgress.go:53.44,56.2 1 1
github.com/robbridges/webapp_v2/models/session.go:38.64,54.26 6 0
github.com/robbridges/webapp_v2/models/session.go:54.26,63.3 2 0
github.com/robbridges/webapp_v2/models/session.go:65.2,65.16 1 0
github.com/robbridges/webapp_v2/models/session.go:65.16,67.3 1 0
github.com/robbridges/webapp_v2/models/session.go:69.2,69.22 1 0
github.com/robbridges/webapp_v2/models/session.go:72.61,81.66 4 0
github.com/robbridges/webapp_v2/models/session.go:81.66,83.3 1 0
github.com/robbridges/webapp_v2/models/session.go:84.2,84.19 1 0
github.com/robbridges/webapp_v2/models/session.go:87.61,93.16 3 0
github.com/robbridges/webapp_v2/models/session.go:93.16,95.3 1 0
github.com/robbridges/webapp_v2/models/session.go:96.2,96.12 1 0
github.com/robbridges/webapp_v2/models/session.go:99.32,102.2 2 0
github.com/robbridges/webapp_v2/models/session.go:104.69,105.27 1 1
github.com/robbridges/webapp_v2/models/session.go:105.27,107.3 1 1
github.com/robbridges/webapp_v2/models/session.go:108.2,108.43 1 0
github.com/robbridges/webapp_v2/models/session.go:111.66,112.25 1 1
github.com/robbridges/webapp_v2/models/session.go:112.25,114.3 1 1
github.com/robbridges/webapp_v2/models/session.go:115.2,115.43 1 1
github.com/robbridges/webapp_v2/models/session.go:118.66,119.34 1 1
github.com/robbridges/webapp_v2/models/session.go:119.34,121.3 1 1
github.com/robbridges/webapp_v2/models/session.go:122.2,122.38 1 0
github.com/robbridges/webapp_v2/models/token.go:16.47,19.38 2 1
github.com/robbridges/webapp_v2/models/token.go:19.38,21.3 1 1
github.com/robbridges/webapp_v2/models/token.go:23.2,24.16 2 1
github.com/robbridges/webapp_v2/models/token.go:24.16,26.3 1 1
github.com/robbridges/webapp_v2/models/token.go:27.2,27.19 1 1
github.com/robbridges/webapp_v2/models/users.go:31.70,35.16 3 0
github.com/robbridges/webapp_v2/models/users.go:35.16,37.3 1 0
github.com/robbridges/webapp_v2/models/users.go:38.2,45.45 3 0
github.com/robbridges/webapp_v2/models/users.go:45.45,47.3 1 0
github.com/robbridges/webapp_v2/models/users.go:49.2,49.19 1 0
github.com/robbridges/webapp_v2/models/users.go:52.76,64.16 5 0
github.com/robbridges/webapp_v2/models/users.go:64.16,66.3 1 0
github.com/robbridges/webapp_v2/models/users.go:68.2,70.16 2 0
github.com/robbridges/webapp_v2/models/users.go:70.16,73.3 2 0
github.com/robbridges/webapp_v2/models/users.go:75.2,75.19 1 0
github.com/robbridges/webapp_v2/models/users.go:78.53,83.43 2 0
github.com/robbridges/webapp_v2/models/users.go:83.43,85.3 1 0
github.com/robbridges/webapp_v2/models/users.go:86.2,86.12 1 0
github.com/robbridges/webapp_v2/models/users.go:89.82,90.27 1 1
github.com/robbridges/webapp_v2/models/users.go:90.27,92.3 1 1
github.com/robbridges/webapp_v2/models/users.go:93.2,96.16 3 1
github.com/robbridges/webapp_v2/models/users.go:96.16,98.3 1 1
github.com/robbridges/webapp_v2/models/users.go:99.2,106.19 3 0
github.com/robbridges/webapp_v2/models/users.go:109.81,110.33 1 1
github.com/robbridges/webapp_v2/models/users.go:110.33,112.3 1 1
github.com/robbridges/webapp_v2/models/users.go:113.2,113.55 1 1
